<?xml version="1.0" encoding="UTF-8"?>
<!-- Generated by org.testng.reporters.JUnitXMLReporter -->
<testsuite hostname="DESKTOP-SRO5DGJ" ignored="0" name="Default test" tests="2" failures="0" timestamp="2023-06-19T21:35:24 IST" time="43.424" errors="0">
  <testcase name="runScenario" time="15.419" classname="io.cucumber.testng.AbstractTestNGCucumberTests"/>
  <testcase name="runScenario" time="15.149" classname="io.cucumber.testng.AbstractTestNGCucumberTests"/>
</testsuite> <!-- Default test -->
